0 info it worked if it ends with ok
1 verbose cli [ '/usr/local/bin/node', '/usr/local/bin/npm', 'start' ]
2 info using npm@6.4.1
3 info using node@v10.15.3
4 verbose config Skipping project config: /home/container/.npmrc. (matches userconfig)
5 verbose stack Error: Failed to parse json
5 verbose stack Unexpected string in JSON at position 161 while parsing '{
5 verbose stack   "name": "daat",
5 verbose stack   "version": "1.0.0"'
5 verbose stack     at parseError (/usr/local/lib/node_modules/npm/node_modules/read-package-json/read-json.js:452:11)
5 verbose stack     at parseJson (/usr/local/lib/node_modules/npm/node_modules/read-package-json/read-json.js:104:26)
5 verbose stack     at /usr/local/lib/node_modules/npm/node_modules/read-package-json/read-json.js:51:5
5 verbose stack     at /usr/local/lib/node_modules/npm/node_modules/graceful-fs/graceful-fs.js:78:16
5 verbose stack     at FSReqWrap.readFileAfterClose [as oncomplete] (internal/fs/read_file_context.js:53:3)
6 verbose cwd /home/container
7 verbose Linux 4.15.0-54-generic
8 verbose argv "/usr/local/bin/node" "/usr/local/bin/npm" "start"
9 verbose node v10.15.3
10 verbose npm  v6.4.1
11 error file /home/container/package.json
12 error code EJSONPARSE
13 error JSON.parse Failed to parse json
13 error JSON.parse Unexpected string in JSON at position 161 while parsing '{
13 error JSON.parse   "name": "daat",
13 error JSON.parse   "version": "1.0.0"'
14 error JSON.parse Failed to parse package.json data.
14 error JSON.parse package.json must be actual JSON, not just JavaScript.
15 verbose exit [ 1, true ]
