0 info it worked if it ends with ok
1 verbose cli [ '/usr/local/bin/node', '/usr/local/bin/npm', 'i' ]
2 info using npm@6.4.1
3 info using node@v10.15.3
4 verbose config Skipping project config: /home/container/.npmrc. (matches userconfig)
5 verbose npm-session cfc67792b038ebc4
6 silly install runPreinstallTopLevelLifecycles
7 silly install loadCurrentTree
8 silly install readLocalPackageData
9 timing stage:rollbackFailedOptional Completed in 2ms
10 timing stage:runTopLevelLifecycles Completed in 398ms
11 verbose stack Error: Failed to parse json
11 verbose stack Unexpected string in JSON at position 161 while parsing '{
11 verbose stack   "name": "daat",
11 verbose stack   "version": "1.0.0"'
11 verbose stack     at parseError (/usr/local/lib/node_modules/npm/node_modules/read-package-json/read-json.js:452:11)
11 verbose stack     at parseJson (/usr/local/lib/node_modules/npm/node_modules/read-package-json/read-json.js:104:26)
11 verbose stack     at /usr/local/lib/node_modules/npm/node_modules/read-package-json/read-json.js:51:5
11 verbose stack     at /usr/local/lib/node_modules/npm/node_modules/graceful-fs/graceful-fs.js:78:16
11 verbose stack     at FSReqWrap.readFileAfterClose [as oncomplete] (internal/fs/read_file_context.js:53:3)
12 verbose cwd /home/container
13 verbose Linux 4.15.0-54-generic
14 verbose argv "/usr/local/bin/node" "/usr/local/bin/npm" "i"
15 verbose node v10.15.3
16 verbose npm  v6.4.1
17 error file /home/container/package.json
18 error code EJSONPARSE
19 error JSON.parse Failed to parse json
19 error JSON.parse Unexpected string in JSON at position 161 while parsing '{
19 error JSON.parse   "name": "daat",
19 error JSON.parse   "version": "1.0.0"'
20 error JSON.parse Failed to parse package.json data.
20 error JSON.parse package.json must be actual JSON, not just JavaScript.
21 verbose exit [ 1, true ]
